Сборка начата 15.03.2023 19:05:41.
Уровень детализации журнала: Normal.     1>Проект "D:\AiSD 2 sem\lab03aisd\lab03aisd\lab03aisd.vcxproj" в узле 2 (целевые объекты Build).
     1>InitializeBuildStatus:
         Создание "Debug\lab03aisd.tlog\unsuccessfulbuild", так как было задано "AlwaysCreate".
       ClCompile:
         C:\Program Files (x86)\Microsoft Visual Studio\2019\Community\VC\Tools\MSVC\14.29.30133\bin\HostX86\x86\CL.exe /c /ZI /JMC /nologo /W3 /WX- /diagnostics:column /sdl /Od /Oy- /D WIN32 /D _DEBUG /D _CONSOLE /D _UNICODE /D UNICODE /Gm- /EHsc /RTC1 /MDd /GS /fp:precise /permissive- /Zc:wchar_t /Zc:forScope /Zc:inline /Fo"Debug\\" /Fd"Debug\vc142.pdb" /external:W3 /Gd /TP /analyze- /FC /errorReport:prompt lab.cpp
         lab.cpp
     1>D:\AiSD 2 sem\lab03aisd\lab03aisd\lab.cpp(93,54): warning C4101: time_fast: неиспользованная локальная переменная
     1>D:\AiSD 2 sem\lab03aisd\lab03aisd\lab.cpp(93,12): warning C4101: time_bubble: неиспользованная локальная переменная
     1>D:\AiSD 2 sem\lab03aisd\lab03aisd\lab.cpp(93,25): warning C4101: time_shaker: неиспользованная локальная переменная
     1>D:\AiSD 2 sem\lab03aisd\lab03aisd\lab.cpp(93,38): warning C4101: time_selection: неиспользованная локальная переменная
     1>D:\AiSD 2 sem\lab03aisd\lab03aisd\lab.cpp(91,10): warning C4101: n: неиспользованная локальная переменная
       Link:
         C:\Program Files (x86)\Microsoft Visual Studio\2019\Community\VC\Tools\MSVC\14.29.30133\bin\HostX86\x86\link.exe /ERRORREPORT:PROMPT /OUT:"D:\AiSD 2 sem\lab03aisd\Debug\lab03aisd.exe" /INCREMENTAL /ILK:"Debug\lab03aisd.ilk" /NOLOGO kernel32.lib user32.lib gdi32.lib winspool.lib comdlg32.lib advapi32.lib shell32.lib ole32.lib oleaut32.lib uuid.lib odbc32.lib odbccp32.lib /MANIFEST /MANIFESTUAC:"level='asInvoker' uiAccess='false'" /manifest:embed /DEBUG /PDB:"D:\AiSD 2 sem\lab03aisd\Debug\lab03aisd.pdb" /SUBSYSTEM:CONSOLE /TLBID:1 /DYNAMICBASE /NXCOMPAT /IMPLIB:"D:\AiSD 2 sem\lab03aisd\Debug\lab03aisd.lib" /MACHINE:X86 Debug\lab.obj
         lab03aisd.vcxproj -> D:\AiSD 2 sem\lab03aisd\Debug\lab03aisd.exe
       FinalizeBuildStatus:
         Файл "Debug\lab03aisd.tlog\unsuccessfulbuild" удаляется.
         Обращение к "Debug\lab03aisd.tlog\lab03aisd.lastbuildstate".
     1>Сборка проекта "D:\AiSD 2 sem\lab03aisd\lab03aisd\lab03aisd.vcxproj" завершена (целевые объекты Build).

Сборка успешно завершена.

       "D:\AiSD 2 sem\lab03aisd\lab03aisd\lab03aisd.vcxproj" (целевой объект Build ) (1) ->
       (Целевой объект ClCompile) -> 
         D:\AiSD 2 sem\lab03aisd\lab03aisd\lab.cpp(93,54): warning C4101: time_fast: неиспользованная локальная переменная
         D:\AiSD 2 sem\lab03aisd\lab03aisd\lab.cpp(93,12): warning C4101: time_bubble: неиспользованная локальная переменная
         D:\AiSD 2 sem\lab03aisd\lab03aisd\lab.cpp(93,25): warning C4101: time_shaker: неиспользованная локальная переменная
         D:\AiSD 2 sem\lab03aisd\lab03aisd\lab.cpp(93,38): warning C4101: time_selection: неиспользованная локальная переменная
         D:\AiSD 2 sem\lab03aisd\lab03aisd\lab.cpp(91,10): warning C4101: n: неиспользованная локальная переменная

    Предупреждений: 5
    Ошибок: 0

Прошло времени 00:00:01.45
