Сборка начата 24.05.2023 18:14:42.
Уровень детализации журнала: Normal.     1>Проект "D:\2_СЕМ_ЛАБЫ\AiSD 2 sem\lab6aisd\lab6aisd\lab6aisd.vcxproj" в узле 2 (целевые объекты Build).
     1>InitializeBuildStatus:
         Обращение к "Debug\lab6aisd.tlog\unsuccessfulbuild".
       ClCompile:
         C:\Program Files (x86)\Microsoft Visual Studio\2019\Community\VC\Tools\MSVC\14.29.30133\bin\HostX86\x86\CL.exe /c /ZI /JMC /nologo /W3 /WX- /diagnostics:column /sdl /Od /Oy- /D WIN32 /D _DEBUG /D _CONSOLE /D _UNICODE /D UNICODE /Gm- /EHsc /RTC1 /MDd /GS /fp:precise /permissive- /Zc:wchar_t /Zc:forScope /Zc:inline /Fo"Debug\\" /Fd"Debug\vc142.pdb" /external:W3 /Gd /TP /analyze- /FC /errorReport:prompt Hash_Table.cpp
         Hash_Table.cpp
     1>D:\2_СЕМ_ЛАБЫ\AiSD 2 sem\lab6aisd\lab6aisd\Hash_Table.cpp(83): warning C4715: hashTC::Object::deleteByData: значение возвращается не при всех путях выполнения
       Link:
         C:\Program Files (x86)\Microsoft Visual Studio\2019\Community\VC\Tools\MSVC\14.29.30133\bin\HostX86\x86\link.exe /ERRORREPORT:PROMPT /OUT:"D:\2_СЕМ_ЛАБЫ\AiSD 2 sem\lab6aisd\Debug\lab6aisd.exe" /INCREMENTAL /ILK:"Debug\lab6aisd.ilk" /NOLOGO kernel32.lib user32.lib gdi32.lib winspool.lib comdlg32.lib advapi32.lib shell32.lib ole32.lib oleaut32.lib uuid.lib odbc32.lib odbccp32.lib /MANIFEST /MANIFESTUAC:"level='asInvoker' uiAccess='false'" /manifest:embed /DEBUG /PDB:"D:\2_СЕМ_ЛАБЫ\AiSD 2 sem\lab6aisd\Debug\lab6aisd.pdb" /SUBSYSTEM:CONSOLE /TLBID:1 /DYNAMICBASE /NXCOMPAT /IMPLIB:"D:\2_СЕМ_ЛАБЫ\AiSD 2 sem\lab6aisd\Debug\lab6aisd.lib" /MACHINE:X86 Debug\Hash.obj
         Debug\Hash_Table.obj
         Debug\Source.obj
         lab6aisd.vcxproj -> D:\2_СЕМ_ЛАБЫ\AiSD 2 sem\lab6aisd\Debug\lab6aisd.exe
       FinalizeBuildStatus:
         Файл "Debug\lab6aisd.tlog\unsuccessfulbuild" удаляется.
         Обращение к "Debug\lab6aisd.tlog\lab6aisd.lastbuildstate".
     1>Сборка проекта "D:\2_СЕМ_ЛАБЫ\AiSD 2 sem\lab6aisd\lab6aisd\lab6aisd.vcxproj" завершена (целевые объекты Build).

Сборка успешно завершена.

       "D:\2_СЕМ_ЛАБЫ\AiSD 2 sem\lab6aisd\lab6aisd\lab6aisd.vcxproj" (целевой объект Build ) (1) ->
       (Целевой объект ClCompile) -> 
         D:\2_СЕМ_ЛАБЫ\AiSD 2 sem\lab6aisd\lab6aisd\Hash_Table.cpp(83): warning C4715: hashTC::Object::deleteByData: значение возвращается не при всех путях выполнения

    Предупреждений: 1
    Ошибок: 0

Прошло времени 00:00:00.58
